<?xml version="1.0" encoding="UTF-8"?>
<testng-results ignored="0" total="2" passed="2" failed="0" skipped="0">
  <reporter-output>
  </reporter-output>
  <suite started-at="2021-06-20T13:12:48 IST" name="Default suite" finished-at="2021-06-20T13:12:48 IST" duration-ms="155">
    <groups>
    </groups>
    <test started-at="2021-06-20T13:12:48 IST" name="Default test" finished-at="2021-06-20T13:12:48 IST" duration-ms="155">
      <class name="qaclickacademy.RestAPI">
        <test-method signature="Postjira()[pri:0, instance:qaclickacademy.RestAPI@15ff3e9e]" started-at="2021-06-20T13:12:48 IST" name="Postjira" finished-at="2021-06-20T13:12:48 IST" duration-ms="23" status="PASS">
          <reporter-output>
          </reporter-output>
        </test-method> <!-- Postjira -->
        <test-method signature="deletetwitter()[pri:0, instance:qaclickacademy.RestAPI@15ff3e9e]" started-at="2021-06-20T13:12:48 IST" name="deletetwitter" finished-at="2021-06-20T13:12:48 IST" duration-ms="7" status="PASS">
          <reporter-output>
          </reporter-output>
        </test-method> <!-- deletetwitter -->
      </class> <!-- qaclickacademy.RestAPI -->
    </test> <!-- Default test -->
  </suite> <!-- Default suite -->
</testng-results>
